{"D:\\pindah\\Farros\\RevoU\\milestone2\\assignment\\pull assignment\\module-3-farroshayray\\src\\displayFunction.ts": {"path":"D:\\pindah\\Farros\\RevoU\\milestone2\\assignment\\pull assignment\\module-3-farroshayray\\src\\displayFunction.ts","statementMap":{"0":{"start":{"line":1,"column":0},"end":{"line":1,"column":40}},"1":{"start":{"line":4,"column":20},"end":{"line":10,"column":3}},"2":{"start":{"line":5,"column":4},"end":{"line":5,"column":null}},"3":{"start":{"line":6,"column":4},"end":{"line":6,"column":64}},"4":{"start":{"line":7,"column":4},"end":{"line":7,"column":66}},"5":{"start":{"line":8,"column":4},"end":{"line":8,"column":71}},"6":{"start":{"line":9,"column":4},"end":{"line":9,"column":64}},"7":{"start":{"line":13,"column":26},"end":{"line":13,"column":68}},"8":{"start":{"line":14,"column":4},"end":{"line":14,"column":33}},"9":{"start":{"line":16,"column":4},"end":{"line":25,"column":5}},"10":{"start":{"line":17,"column":6},"end":{"line":17,"column":55}},"11":{"start":{"line":19,"column":30},"end":{"line":19,"column":59}},"12":{"start":{"line":20,"column":6},"end":{"line":20,"column":49}},"13":{"start":{"line":21,"column":6},"end":{"line":21,"column":53}},"14":{"start":{"line":22,"column":6},"end":{"line":22,"column":49}},"15":{"start":{"line":23,"column":6},"end":{"line":23,"column":43}},"16":{"start":{"line":24,"column":6},"end":{"line":24,"column":49}},"17":{"start":{"line":28,"column":2},"end":{"line":28,"column":46}}},"fnMap":{"0":{"name":"(anonymous_0)","decl":{"start":{"line":4,"column":20},"end":{"line":4,"column":29}},"loc":{"start":{"line":4,"column":31},"end":{"line":10,"column":3}}},"1":{"name":"displayData","decl":{"start":{"line":12,"column":11},"end":{"line":12,"column":22}},"loc":{"start":{"line":12,"column":37},"end":{"line":26,"column":3}}}},"branchMap":{"0":{"loc":{"start":{"line":16,"column":4},"end":{"line":25,"column":5}},"type":"if","locations":[{"start":{"line":16,"column":4},"end":{"line":25,"column":5}},{"start":{"line":18,"column":11},"end":{"line":25,"column":5}}]},"1":{"loc":{"start":{"line":16,"column":8},"end":{"line":16,"column":35}},"type":"binary-expr","locations":[{"start":{"line":16,"column":8},"end":{"line":16,"column":18}},{"start":{"line":16,"column":22},"end":{"line":16,"column":35}}]}},"s":{"0":1,"1":1,"2":0,"3":0,"4":0,"5":0,"6":0,"7":0,"8":0,"9":0,"10":0,"11":0,"12":0,"13":0,"14":0,"15":0,"16":0,"17":1},"f":{"0":0,"1":0},"b":{"0":[0,0],"1":[0,0]}}
,"D:\\pindah\\Farros\\RevoU\\milestone2\\assignment\\pull assignment\\module-3-farroshayray\\src\\editData.ts": {"path":"D:\\pindah\\Farros\\RevoU\\milestone2\\assignment\\pull assignment\\module-3-farroshayray\\src\\editData.ts","statementMap":{"0":{"start":{"line":2,"column":17},"end":{"line":26,"column":3}},"1":{"start":{"line":3,"column":4},"end":{"line":3,"column":87}},"2":{"start":{"line":4,"column":4},"end":{"line":4,"column":66}},"3":{"start":{"line":5,"column":4},"end":{"line":5,"column":110}},"4":{"start":{"line":6,"column":5},"end":{"line":6,"column":87}},"5":{"start":{"line":7,"column":4},"end":{"line":7,"column":68}},"6":{"start":{"line":8,"column":4},"end":{"line":8,"column":74}},"7":{"start":{"line":9,"column":4},"end":{"line":9,"column":80}},"8":{"start":{"line":10,"column":23},"end":{"line":10,"column":38}},"9":{"start":{"line":11,"column":21},"end":{"line":11,"column":61}},"10":{"start":{"line":12,"column":5},"end":{"line":12,"column":81}},"11":{"start":{"line":13,"column":4},"end":{"line":13,"column":100}},"12":{"start":{"line":14,"column":4},"end":{"line":14,"column":64}},"13":{"start":{"line":15,"column":4},"end":{"line":15,"column":68}},"14":{"start":{"line":16,"column":4},"end":{"line":16,"column":71}},"15":{"start":{"line":17,"column":4},"end":{"line":17,"column":65}},"16":{"start":{"line":18,"column":4},"end":{"line":18,"column":67}},"17":{"start":{"line":19,"column":22},"end":{"line":19,"column":24}},"18":{"start":{"line":20,"column":4},"end":{"line":24,"column":5}},"19":{"start":{"line":20,"column":17},"end":{"line":20,"column":18}},"20":{"start":{"line":21,"column":6},"end":{"line":23,"column":7}},"21":{"start":{"line":22,"column":8},"end":{"line":22,"column":86}},"22":{"start":{"line":25,"column":4},"end":{"line":25,"column":72}},"23":{"start":{"line":27,"column":2},"end":{"line":27,"column":30}}},"fnMap":{"0":{"name":"(anonymous_0)","decl":{"start":{"line":2,"column":17},"end":{"line":2,"column":18}},"loc":{"start":{"line":2,"column":38},"end":{"line":26,"column":3}}}},"branchMap":{"0":{"loc":{"start":{"line":21,"column":6},"end":{"line":23,"column":7}},"type":"if","locations":[{"start":{"line":21,"column":6},"end":{"line":23,"column":7}}]},"1":{"loc":{"start":{"line":21,"column":10},"end":{"line":21,"column":75}},"type":"binary-expr","locations":[{"start":{"line":21,"column":10},"end":{"line":21,"column":42}},{"start":{"line":21,"column":46},"end":{"line":21,"column":75}}]}},"s":{"0":1,"1":0,"2":0,"3":0,"4":0,"5":0,"6":0,"7":0,"8":0,"9":0,"10":0,"11":0,"12":0,"13":0,"14":0,"15":0,"16":0,"17":0,"18":0,"19":0,"20":0,"21":0,"22":0,"23":1},"f":{"0":0},"b":{"0":[0],"1":[0,0]}}
,"D:\\pindah\\Farros\\RevoU\\milestone2\\assignment\\pull assignment\\module-3-farroshayray\\src\\fetchData.ts": {"path":"D:\\pindah\\Farros\\RevoU\\milestone2\\assignment\\pull assignment\\module-3-farroshayray\\src\\fetchData.ts","statementMap":{"0":{"start":{"line":1,"column":0},"end":{"line":1,"column":48}},"1":{"start":{"line":5,"column":4},"end":{"line":17,"column":5}},"2":{"start":{"line":6,"column":23},"end":{"line":6,"column":99}},"3":{"start":{"line":7,"column":6},"end":{"line":10,"column":7}},"4":{"start":{"line":8,"column":8},"end":{"line":8,"column":67}},"5":{"start":{"line":9,"column":8},"end":{"line":9,"column":30}},"6":{"start":{"line":11,"column":29},"end":{"line":11,"column":50}},"7":{"start":{"line":12,"column":6},"end":{"line":12,"column":40}},"8":{"start":{"line":13,"column":6},"end":{"line":13,"column":24}},"9":{"start":{"line":15,"column":6},"end":{"line":15,"column":37}},"10":{"start":{"line":16,"column":6},"end":{"line":16,"column":51}},"11":{"start":{"line":21,"column":4},"end":{"line":38,"column":5}},"12":{"start":{"line":22,"column":23},"end":{"line":22,"column":88}},"13":{"start":{"line":23,"column":6},"end":{"line":25,"column":7}},"14":{"start":{"line":24,"column":8},"end":{"line":24,"column":64}},"15":{"start":{"line":26,"column":33},"end":{"line":26,"column":54}},"16":{"start":{"line":27,"column":19},"end":{"line":27,"column":38}},"17":{"start":{"line":28,"column":6},"end":{"line":28,"column":28}},"18":{"start":{"line":29,"column":6},"end":{"line":34,"column":7}},"19":{"start":{"line":30,"column":8},"end":{"line":30,"column":22}},"20":{"start":{"line":31,"column":8},"end":{"line":31,"column":33}},"21":{"start":{"line":33,"column":8},"end":{"line":33,"column":42}},"22":{"start":{"line":36,"column":6},"end":{"line":36,"column":27}},"23":{"start":{"line":37,"column":6},"end":{"line":37,"column":44}},"24":{"start":{"line":41,"column":2},"end":{"line":41,"column":44}}},"fnMap":{"0":{"name":"fetchDataSearch","decl":{"start":{"line":4,"column":17},"end":{"line":4,"column":32}},"loc":{"start":{"line":4,"column":46},"end":{"line":18,"column":null}}},"1":{"name":"getData","decl":{"start":{"line":20,"column":17},"end":{"line":20,"column":24}},"loc":{"start":{"line":20,"column":54},"end":{"line":39,"column":null}}}},"branchMap":{"0":{"loc":{"start":{"line":7,"column":6},"end":{"line":10,"column":7}},"type":"if","locations":[{"start":{"line":7,"column":6},"end":{"line":10,"column":7}}]},"1":{"loc":{"start":{"line":23,"column":6},"end":{"line":25,"column":7}},"type":"if","locations":[{"start":{"line":23,"column":6},"end":{"line":25,"column":7}}]},"2":{"loc":{"start":{"line":27,"column":19},"end":{"line":27,"column":38}},"type":"cond-expr","locations":[{"start":{"line":27,"column":33},"end":{"line":27,"column":36}},{"start":{"line":27,"column":33},"end":{"line":27,"column":38}}]},"3":{"loc":{"start":{"line":27,"column":19},"end":{"line":27,"column":36}},"type":"binary-expr","locations":[{"start":{"line":27,"column":19},"end":{"line":27,"column":36}},{"start":{"line":27,"column":33},"end":{"line":27,"column":36}}]},"4":{"loc":{"start":{"line":29,"column":6},"end":{"line":34,"column":7}},"type":"if","locations":[{"start":{"line":29,"column":6},"end":{"line":34,"column":7}},{"start":{"line":32,"column":13},"end":{"line":34,"column":7}}]}},"s":{"0":1,"1":0,"2":0,"3":0,"4":0,"5":0,"6":0,"7":0,"8":0,"9":0,"10":0,"11":0,"12":0,"13":0,"14":0,"15":0,"16":0,"17":0,"18":0,"19":0,"20":0,"21":0,"22":0,"23":0,"24":1},"f":{"0":0,"1":0},"b":{"0":[0],"1":[0],"2":[0,0],"3":[0,0],"4":[0,0]}}
,"D:\\pindah\\Farros\\RevoU\\milestone2\\assignment\\pull assignment\\module-3-farroshayray\\src\\renderCards.ts": {"path":"D:\\pindah\\Farros\\RevoU\\milestone2\\assignment\\pull assignment\\module-3-farroshayray\\src\\renderCards.ts","statementMap":{"0":{"start":{"line":4,"column":4},"end":{"line":13,"column":5}},"1":{"start":{"line":5,"column":30},"end":{"line":5,"column":59}},"2":{"start":{"line":6,"column":6},"end":{"line":6,"column":49}},"3":{"start":{"line":7,"column":6},"end":{"line":7,"column":74}},"4":{"start":{"line":8,"column":6},"end":{"line":8,"column":49}},"5":{"start":{"line":9,"column":6},"end":{"line":9,"column":43}},"6":{"start":{"line":10,"column":6},"end":{"line":10,"column":49}},"7":{"start":{"line":11,"column":6},"end":{"line":11,"column":42}},"8":{"start":{"line":12,"column":6},"end":{"line":12,"column":13}},"9":{"start":{"line":14,"column":4},"end":{"line":74,"column":7}},"10":{"start":{"line":15,"column":19},"end":{"line":15,"column":48}},"11":{"start":{"line":16,"column":6},"end":{"line":16,"column":47}},"12":{"start":{"line":18,"column":20},"end":{"line":18,"column":49}},"13":{"start":{"line":19,"column":6},"end":{"line":19,"column":36}},"14":{"start":{"line":20,"column":6},"end":{"line":20,"column":31}},"15":{"start":{"line":21,"column":6},"end":{"line":21,"column":41}},"16":{"start":{"line":22,"column":6},"end":{"line":22,"column":30}},"17":{"start":{"line":24,"column":20},"end":{"line":24,"column":48}},"18":{"start":{"line":25,"column":6},"end":{"line":25,"column":37}},"19":{"start":{"line":26,"column":6},"end":{"line":26,"column":41}},"20":{"start":{"line":27,"column":6},"end":{"line":27,"column":30}},"21":{"start":{"line":29,"column":6},"end":{"line":29,"column":38}},"22":{"start":{"line":30,"column":6},"end":{"line":30,"column":43}},"23":{"start":{"line":33,"column":6},"end":{"line":73,"column":9}},"24":{"start":{"line":35,"column":36},"end":{"line":35,"column":85}},"25":{"start":{"line":36,"column":8},"end":{"line":36,"column":43}},"26":{"start":{"line":37,"column":27},"end":{"line":37,"column":56}},"27":{"start":{"line":38,"column":8},"end":{"line":38,"column":48}},"28":{"start":{"line":39,"column":38},"end":{"line":39,"column":40}},"29":{"start":{"line":40,"column":8},"end":{"line":44,"column":9}},"30":{"start":{"line":40,"column":21},"end":{"line":40,"column":22}},"31":{"start":{"line":41,"column":10},"end":{"line":43,"column":11}},"32":{"start":{"line":42,"column":12},"end":{"line":42,"column":98}},"33":{"start":{"line":45,"column":8},"end":{"line":56,"column":10}},"34":{"start":{"line":57,"column":8},"end":{"line":57,"column":52}},"35":{"start":{"line":58,"column":8},"end":{"line":58,"column":74}},"36":{"start":{"line":61,"column":28},"end":{"line":61,"column":60}},"37":{"start":{"line":62,"column":8},"end":{"line":62,"column":42}},"38":{"start":{"line":63,"column":8},"end":{"line":63,"column":50}},"39":{"start":{"line":64,"column":8},"end":{"line":64,"column":44}},"40":{"start":{"line":66,"column":8},"end":{"line":72,"column":11}},"41":{"start":{"line":67,"column":10},"end":{"line":67,"column":45}},"42":{"start":{"line":68,"column":10},"end":{"line":68,"column":76}},"43":{"start":{"line":69,"column":30},"end":{"line":69,"column":72}},"44":{"start":{"line":70,"column":33},"end":{"line":70,"column":54}},"45":{"start":{"line":71,"column":10},"end":{"line":71,"column":71}},"46":{"start":{"line":77,"column":2},"end":{"line":77,"column":37}}},"fnMap":{"0":{"name":"renderMealCards","decl":{"start":{"line":3,"column":9},"end":{"line":3,"column":24}},"loc":{"start":{"line":3,"column":67},"end":{"line":75,"column":3}}},"1":{"name":"(anonymous_1)","decl":{"start":{"line":14,"column":23},"end":{"line":14,"column":27}},"loc":{"start":{"line":14,"column":30},"end":{"line":74,"column":5}}},"2":{"name":"(anonymous_2)","decl":{"start":{"line":33,"column":37},"end":{"line":33,"column":40}},"loc":{"start":{"line":33,"column":42},"end":{"line":73,"column":7}}},"3":{"name":"(anonymous_3)","decl":{"start":{"line":66,"column":46},"end":{"line":66,"column":49}},"loc":{"start":{"line":66,"column":51},"end":{"line":72,"column":9}}}},"branchMap":{"0":{"loc":{"start":{"line":4,"column":4},"end":{"line":13,"column":5}},"type":"if","locations":[{"start":{"line":4,"column":4},"end":{"line":13,"column":5}}]},"1":{"loc":{"start":{"line":41,"column":10},"end":{"line":43,"column":11}},"type":"if","locations":[{"start":{"line":41,"column":10},"end":{"line":43,"column":11}}]},"2":{"loc":{"start":{"line":41,"column":14},"end":{"line":41,"column":65}},"type":"binary-expr","locations":[{"start":{"line":41,"column":14},"end":{"line":41,"column":39}},{"start":{"line":41,"column":43},"end":{"line":41,"column":65}}]}},"s":{"0":0,"1":0,"2":0,"3":0,"4":0,"5":0,"6":0,"7":0,"8":0,"9":0,"10":0,"11":0,"12":0,"13":0,"14":0,"15":0,"16":0,"17":0,"18":0,"19":0,"20":0,"21":0,"22":0,"23":0,"24":0,"25":0,"26":0,"27":0,"28":0,"29":0,"30":0,"31":0,"32":0,"33":0,"34":0,"35":0,"36":0,"37":0,"38":0,"39":0,"40":0,"41":0,"42":0,"43":0,"44":0,"45":0,"46":1},"f":{"0":0,"1":0,"2":0,"3":0},"b":{"0":[0],"1":[0],"2":[0,0]}}
}
